<?xml version="1.0" encoding="UTF-8"?>
<!-- Generated by org.testng.reporters.JUnitReportReporter -->
<testsuite skipped="0" hostname="neha2691-01" name="com.qualityboosters.qa.pages.LoginPage" tests="1" failures="0" timestamp="28 Sep 2019 07:15:14 GMT" time="0.000" errors="0">
  <testcase name="test" time="0.000" classname="com.qualityboosters.qa.pages.LoginPage"/>
</testsuite> <!-- com.qualityboosters.qa.pages.LoginPage -->
