<?xml version="1.0" encoding="UTF-8"?>
<!-- Generated by org.testng.reporters.JUnitReportReporter -->
<testsuite skipped="0" hostname="neha2691-01" name="com.qualityboosters.qa.pages.AddMovieTest" tests="1" failures="0" timestamp="28 Sep 2019 11:29:38 GMT" time="0.958" errors="0">
  <testcase name="addMovieDetails" time="0.958" classname="com.qualityboosters.qa.pages.AddMovieTest"/>
</testsuite> <!-- com.qualityboosters.qa.pages.AddMovieTest -->
