<?xml version="1.0" encoding="UTF-8"?>
<!-- Generated by org.testng.reporters.JUnitReportReporter -->
<testsuite skipped="0" hostname="neha2691-01" name="com.qualityboosters.qa.pages.LoginPageTest" tests="1" failures="0" timestamp="28 Sep 2019 11:30:24 GMT" time="7.107" errors="0">
  <testcase name="login" time="7.107" classname="com.qualityboosters.qa.pages.LoginPageTest"/>
</testsuite> <!-- com.qualityboosters.qa.pages.LoginPageTest -->
